<?xml version="1.0" encoding="UTF-8"?>
<testng-results skipped="0" failed="0" ignored="0" total="1" passed="1">
  <reporter-output>
  </reporter-output>
  <suite name="Default suite" duration-ms="11570" started-at="2020-10-18T19:22:03 CDT" finished-at="2020-10-18T19:22:15 CDT">
    <groups>
    </groups>
    <test name="Default test" duration-ms="11570" started-at="2020-10-18T19:22:03 CDT" finished-at="2020-10-18T19:22:15 CDT">
      <class name="com.seleniumframeworktest.scripts.TC02">
        <test-method status="PASS" signature="reportGeneration()[pri:0, instance:com.seleniumframeworktest.scripts.TC02@4e7dc304]" name="reportGeneration" is-config="true" duration-ms="106" started-at="2020-10-18T19:22:03 CDT" finished-at="2020-10-18T19:22:03 CDT">
          <reporter-output>
          </reporter-output>
        </test-method> <!-- reportGeneration -->
        <test-method status="PASS" signature="beforeClass()[pri:0, instance:com.seleniumframeworktest.scripts.TC02@4e7dc304]" name="beforeClass" is-config="true" duration-ms="6087" started-at="2020-10-18T19:22:03 CDT" finished-at="2020-10-18T19:22:09 CDT">
          <reporter-output>
          </reporter-output>
        </test-method> <!-- beforeClass -->
        <test-method status="PASS" signature="methodName(java.lang.reflect.Method)[pri:0, instance:com.seleniumframeworktest.scripts.TC02@4e7dc304]" name="methodName" is-config="true" duration-ms="4" started-at="2020-10-18T19:22:09 CDT" finished-at="2020-10-18T19:22:09 CDT">
          <params>
            <param index="0">
              <value>
                <![CDATA[public void com.seleniumframeworktest.scripts.TC02.excel_Login_Logout() throws java.lang.Exception,com.codoid.products.exception.FilloException]]>
              </value>
            </param>
          </params>
          <reporter-output>
          </reporter-output>
        </test-method> <!-- methodName -->
        <test-method status="PASS" signature="excel_Login_Logout()[pri:0, instance:com.seleniumframeworktest.scripts.TC02@4e7dc304]" name="excel_Login_Logout" duration-ms="5005" started-at="2020-10-18T19:22:09 CDT" finished-at="2020-10-18T19:22:14 CDT">
          <reporter-output>
          </reporter-output>
        </test-method> <!-- excel_Login_Logout -->
        <test-method status="PASS" signature="afterClass()[pri:0, instance:com.seleniumframeworktest.scripts.TC02@4e7dc304]" name="afterClass" is-config="true" duration-ms="339" started-at="2020-10-18T19:22:14 CDT" finished-at="2020-10-18T19:22:15 CDT">
          <reporter-output>
          </reporter-output>
        </test-method> <!-- afterClass -->
      </class> <!-- com.seleniumframeworktest.scripts.TC02 -->
    </test> <!-- Default test -->
  </suite> <!-- Default suite -->
</testng-results>
